<?xml version="1.0" encoding="UTF-8"?>
<testng-results ignored="0" total="1" passed="1" failed="0" skipped="0">
  <reporter-output>
  </reporter-output>
  <suite started-at="2022-11-24T16:08:38 IST" name="Default suite" finished-at="2022-11-24T16:08:59 IST" duration-ms="21063">
    <groups>
    </groups>
    <test started-at="2022-11-24T16:08:38 IST" name="Default test" finished-at="2022-11-24T16:08:59 IST" duration-ms="21063">
      <class name="praticepackage.VtigerTest">
        <test-method is-config="true" signature="BS()[pri:0, instance:praticepackage.VtigerTest@16610890]" started-at="2022-11-24T16:08:38 IST" name="BS" finished-at="2022-11-24T16:08:38 IST" duration-ms="6" status="PASS">
          <reporter-output>
          </reporter-output>
        </test-method> <!-- BS -->
        <test-method is-config="true" signature="BT()[pri:0, instance:praticepackage.VtigerTest@16610890]" started-at="2022-11-24T16:08:38 IST" name="BT" finished-at="2022-11-24T16:08:38 IST" duration-ms="0" status="PASS">
          <reporter-output>
          </reporter-output>
        </test-method> <!-- BT -->
        <test-method is-config="true" signature="BC()[pri:0, instance:praticepackage.VtigerTest@16610890]" started-at="2022-11-24T16:08:38 IST" name="BC" finished-at="2022-11-24T16:08:40 IST" duration-ms="2240" status="PASS">
          <reporter-output>
          </reporter-output>
        </test-method> <!-- BC -->
        <test-method is-config="true" signature="BM()[pri:0, instance:praticepackage.VtigerTest@16610890]" started-at="2022-11-24T16:08:40 IST" name="BM" finished-at="2022-11-24T16:08:48 IST" duration-ms="7949" status="PASS">
          <reporter-output>
          </reporter-output>
        </test-method> <!-- BM -->
        <test-method signature="add()[pri:0, instance:praticepackage.VtigerTest@16610890]" started-at="2022-11-24T16:08:48 IST" name="add" finished-at="2022-11-24T16:08:59 IST" duration-ms="10838" status="PASS">
          <reporter-output>
          </reporter-output>
        </test-method> <!-- add -->
        <test-method is-config="true" signature="AM()[pri:0, instance:praticepackage.VtigerTest@16610890]" started-at="2022-11-24T16:08:59 IST" name="AM" finished-at="2022-11-24T16:08:59 IST" duration-ms="0" status="PASS">
          <reporter-output>
          </reporter-output>
        </test-method> <!-- AM -->
        <test-method is-config="true" signature="AT()[pri:0, instance:praticepackage.VtigerTest@16610890]" started-at="2022-11-24T16:08:59 IST" name="AT" finished-at="2022-11-24T16:08:59 IST" duration-ms="15" status="PASS">
          <reporter-output>
          </reporter-output>
        </test-method> <!-- AT -->
        <test-method is-config="true" signature="AC()[pri:0, instance:praticepackage.VtigerTest@16610890]" started-at="2022-11-24T16:08:59 IST" name="AC" finished-at="2022-11-24T16:08:59 IST" duration-ms="0" status="PASS">
          <reporter-output>
          </reporter-output>
        </test-method> <!-- AC -->
        <test-method is-config="true" signature="AS()[pri:0, instance:praticepackage.VtigerTest@16610890]" started-at="2022-11-24T16:08:59 IST" name="AS" finished-at="2022-11-24T16:08:59 IST" duration-ms="0" status="PASS">
          <reporter-output>
          </reporter-output>
        </test-method> <!-- AS -->
      </class> <!-- praticepackage.VtigerTest -->
    </test> <!-- Default test -->
  </suite> <!-- Default suite -->
</testng-results>
